<?xml version="1.0" encoding="UTF-8"?>
<testsuite name="com.josecoria.feedexplorer.domain.usecase.GetProvidersUseCaseTest" tests="2" skipped="0" failures="0" errors="0" timestamp="2026-03-14T20:00:06" hostname="MacBook-Pro-de-Jose.local" time="0.018">
  <properties/>
  <testcase name="invoke returns providers from repository" classname="com.josecoria.feedexplorer.domain.usecase.GetProvidersUseCaseTest" time="0.008"/>
  <testcase name="invoke propagates repository exception" classname="com.josecoria.feedexplorer.domain.usecase.GetProvidersUseCaseTest" time="0.009"/>
  <system-out><![CDATA[]]></system-out>
  <system-err><![CDATA[]]></system-err>
</testsuite>
