<?xml version="1.0" encoding="UTF-8"?>
<testsuite name="com.josecoria.feedexplorer.domain.usecase.GetProviderByIdUseCaseTest" tests="3" skipped="0" failures="0" errors="0" timestamp="2026-03-14T20:00:06" hostname="MacBook-Pro-de-Jose.local" time="0.104">
  <properties/>
  <testcase name="invoke returns null when ID does not exist" classname="com.josecoria.feedexplorer.domain.usecase.GetProviderByIdUseCaseTest" time="0.082"/>
  <testcase name="invoke returns correct provider when ID exists" classname="com.josecoria.feedexplorer.domain.usecase.GetProviderByIdUseCaseTest" time="0.01"/>
  <testcase name="invoke propagates repository exception" classname="com.josecoria.feedexplorer.domain.usecase.GetProviderByIdUseCaseTest" time="0.012"/>
  <system-out><![CDATA[]]></system-out>
  <system-err><![CDATA[]]></system-err>
</testsuite>
