<?xml version="1.0" encoding="UTF-8"?>
<testsuite name="com.josecoria.feedexplorer.data.mapper.ProviderMapperTest" tests="3" skipped="0" failures="0" errors="0" timestamp="2026-03-14T19:57:29" hostname="MacBook-Pro-de-Jose.local" time="0.005">
  <properties/>
  <testcase name="toDomain handles special characters in names" classname="com.josecoria.feedexplorer.data.mapper.ProviderMapperTest" time="0.004"/>
  <testcase name="LocationDto toDomain maps correctly" classname="com.josecoria.feedexplorer.data.mapper.ProviderMapperTest" time="0.001"/>
  <testcase name="toDomain maps all fields correctly" classname="com.josecoria.feedexplorer.data.mapper.ProviderMapperTest" time="0.0"/>
  <system-out><![CDATA[]]></system-out>
  <system-err><![CDATA[]]></system-err>
</testsuite>
