<?xml version="1.0" encoding="UTF-8"?>
<testsuite name="com.josecoria.feedexplorer.ui.detail.ProviderDetailViewModelTest" tests="3" skipped="0" failures="0" errors="0" timestamp="2026-03-14T19:57:33" hostname="MacBook-Pro-de-Jose.local" time="0.395">
  <properties/>
  <testcase name="init emits Error when provider not found" classname="com.josecoria.feedexplorer.ui.detail.ProviderDetailViewModelTest" time="0.36"/>
  <testcase name="init emits Success when provider found" classname="com.josecoria.feedexplorer.ui.detail.ProviderDetailViewModelTest" time="0.019"/>
  <testcase name="init emits Error when use case throws" classname="com.josecoria.feedexplorer.ui.detail.ProviderDetailViewModelTest" time="0.016"/>
  <system-out><![CDATA[]]></system-out>
  <system-err><![CDATA[]]></system-err>
</testsuite>
